[debug] [2020-02-20T02:19:45.944Z] ----------------------------------------------------------------------
[debug] [2020-02-20T02:19:45.946Z] Command:       C:\Program Files\nodejs\node.exe C:\Users\Kindeep\AppData\Roaming\npm\node_modules\firebase-tools\lib\bin\firebase.js deploy --only hosting:treacheryonline
[debug] [2020-02-20T02:19:45.946Z] CLI Version:   7.13.0
[debug] [2020-02-20T02:19:45.946Z] Platform:      win32
[debug] [2020-02-20T02:19:45.946Z] Node Version:  v10.16.0
[debug] [2020-02-20T02:19:45.946Z] Time:          Wed Feb 19 2020 21:19:45 GMT-0500 (Eastern Standard Time)
[debug] [2020-02-20T02:19:45.946Z] ----------------------------------------------------------------------
[debug] [2020-02-20T02:19:45.947Z] 
[debug] [2020-02-20T02:19:45.954Z] > command requires scopes: ["email","openid","https://www.googleapis.com/auth/cloudplatformprojects.readonly","https://www.googleapis.com/auth/firebase","https://www.googleapis.com/auth/cloud-platform"]
[debug] [2020-02-20T02:19:45.954Z] > authorizing via signed-in user
[debug] [2020-02-20T02:19:45.954Z] [iam] checking project treachery2-871c6 for permissions ["firebase.projects.get","firebasehosting.sites.update"]
[debug] [2020-02-20T02:19:45.956Z] >>> HTTP REQUEST POST https://cloudresourcemanager.googleapis.com/v1/projects/treachery2-871c6:testIamPermissions  

[debug] [2020-02-20T02:19:46.266Z] <<< HTTP RESPONSE 200
[debug] [2020-02-20T02:19:46.267Z] >>> HTTP REQUEST GET https://firebase.googleapis.com/v1beta1/projects/treachery2-871c6  
 
[debug] [2020-02-20T02:19:46.454Z] <<< HTTP RESPONSE 200
[info] 
[info] === Deploying to 'treachery2-871c6'...
[info] 
[info] i  deploying hosting
[info] 
[info] +  Deploy complete!
[info] 
[info] Project Console: https://console.firebase.google.com/project/treachery2-871c6/overview
[debug] [2020-02-20T02:19:46.460Z] TypeError: Cannot read property 'deploys' of undefined
    at C:\Users\Kindeep\AppData\Roaming\npm\node_modules\firebase-tools\lib\deploy\index.js:84:36
    at process._tickCallback (internal/process/next_tick.js:68:7)
[error] 
[error] Error: An unexpected error has occurred.
